{
  "inbounds": [
    {
      "type": "tun",
      "inet4_address": "172.19.0.1/30",
      "auto_route": true,
      "strict_route": true,
      "sniff": true
    }
  ],
  "outbounds": [
    {
      "type": "direct",
      "tag": "direct"
    },
    {
      "type": "hysteria2",
      "tag": "hysteria-out",
      "server": "79.76.42.214",
      "server_port": 45028,
      "password": "eb5be46702b83b5177a7c057a68509d6",
      "tls": {
        "enabled": true,
        "server_name": "www.apple.com",
        "insecure": true
      }
    }
  ],
  "route": {
    "final": "hysteria-out",
    "auto_detect_interface": true
  }
}